<?xml version="1.0" encoding="UTF-8"?>
<!-- Generated by org.testng.reporters.JUnitXMLReporter -->
<testsuite ignored="6" hostname="DESKTOP-CG41JSG" failures="0" tests="9" name="Product Search Tests" time="418.782" errors="0" timestamp="2024-09-12T13:46:42 IST">
  <testcase classname="com.starquick.test.starquickaddcartjourney" name="Rusksearchproduct" time="145.886">
    <skipped/>
  </testcase> <!-- Rusksearchproduct -->
  <testcase classname="com.starquick.test.starquickaddcartjourney" name="Milksearchproduct" time="183.452"/>
  <testcase classname="com.starquick.test.starquickaddcartjourney" name="Rusksearchproduct" time="181.74">
    <skipped/>
  </testcase> <!-- Rusksearchproduct -->
  <testcase classname="com.starquick.test.starquickaddcartjourney" name="Milksearchproduct" time="209.352">
    <skipped/>
  </testcase> <!-- Milksearchproduct -->
  <testcase classname="com.starquick.test.starquickaddcartjourney" name="Rusksearchproduct" time="213.987"/>
  <testcase classname="com.starquick.test.starquickaddcartjourney" name="Milksearchproduct" time="205.896"/>
  <testcase classname="com.starquick.test.starquickaddcartjourney" name="Rusksearchproduct" time="98.641"/>
  <testcase classname="com.starquick.test.starquickaddcartjourney" name="Milksearchproduct" time="76.657"/>
  <testcase classname="com.starquick.test.starquickaddcartjourney" name="Rusksearchproduct" time="74.258"/>
  <testcase classname="com.starquick.test.starquickaddcartjourney" name="Onionsearchproduct" time="0.0">
    <ignored/>
  </testcase> <!-- Onionsearchproduct -->
  <testcase classname="com.starquick.test.starquickaddcartjourney" name="searchcookoil" time="0.0">
    <ignored/>
  </testcase> <!-- searchcookoil -->
  <testcase classname="com.starquick.test.starquickaddcartjourney" name="atta" time="0.0">
    <ignored/>
  </testcase> <!-- atta -->
  <testcase classname="com.starquick.test.starquickaddcartjourney" name="softdrink" time="0.0">
    <ignored/>
  </testcase> <!-- softdrink -->
  <testcase classname="com.starquick.test.starquickaddcartjourney" name="Tata_Agni_Leaf_Tea_Pouch" time="0.0">
    <ignored/>
  </testcase> <!-- Tata_Agni_Leaf_Tea_Pouch -->
  <testcase classname="com.starquick.test.starquickaddcartjourney" name="detergentsearchproduct" time="0.0">
    <ignored/>
  </testcase> <!-- detergentsearchproduct -->
</testsuite> <!-- Product Search Tests -->
