<?xml version="1.0" encoding="UTF-8"?>
<!-- Generated by org.testng.reporters.JUnitXMLReporter -->
<testsuite ignored="0" hostname="DESKTOP-9VPGQQF" failures="0" tests="8" name="Test" time="288.784" errors="0" timestamp="2024-05-19T13:38:18 IST">
  <testcase classname="com.starquick.test.OrangeHRMTests" name="loginlogout" time="19.265"/>
  <testcase classname="com.starquick.test.OrangeHRMTests" name="loginlogout" time="24.629"/>
  <testcase classname="com.starquick.test.OrangeHRMTests" name="loginlogout" time="14.236"/>
  <testcase classname="com.starquick.test.OrangeHRMTests" name="loginlogout" time="8.341"/>
  <testcase classname="com.starquick.test.OrangeHRMTests" name="loginlogout" time="7.017"/>
  <testcase classname="com.starquick.test.OrangeHRMTests" name="loginlogout" time="6.479"/>
  <testcase classname="com.starquick.test.OrangeHRMTests" name="loginlogout" time="9.962"/>
  <testcase classname="com.starquick.test.OrangeHRMTests" name="loginlogout" time="11.44"/>
</testsuite> <!-- Test -->
