<?xml version="1.0" encoding="UTF-8"?>
<!-- Generated by org.testng.reporters.JUnitXMLReporter -->
<testsuite ignored="6" hostname="DESKTOP-CG41JSG" failures="0" tests="7" name="Product Search Tests" time="219.414" errors="0" timestamp="2024-09-12T14:47:01 IST">
  <testcase classname="com.starquick.test.starquickaddcartjourney" name="Rusksearchproduct" time="98.507">
    <skipped/>
  </testcase> <!-- Rusksearchproduct -->
  <testcase classname="com.starquick.test.starquickaddcartjourney" name="Milksearchproduct" time="103.458"/>
  <testcase classname="com.starquick.test.starquickaddcartjourney" name="Rusksearchproduct" time="106.661"/>
  <testcase classname="com.starquick.test.starquickaddcartjourney" name="Milksearchproduct" time="116.853"/>
  <testcase classname="com.starquick.test.starquickaddcartjourney" name="Milksearchproduct" time="59.466"/>
  <testcase classname="com.starquick.test.starquickaddcartjourney" name="Rusksearchproduct" time="73.767"/>
  <testcase classname="com.starquick.test.starquickaddcartjourney" name="Rusksearchproduct" time="74.047"/>
  <testcase classname="com.starquick.test.starquickaddcartjourney" name="softdrink" time="0.0">
    <ignored/>
  </testcase> <!-- softdrink -->
  <testcase classname="com.starquick.test.starquickaddcartjourney" name="detergentsearchproduct" time="0.0">
    <ignored/>
  </testcase> <!-- detergentsearchproduct -->
  <testcase classname="com.starquick.test.starquickaddcartjourney" name="searchcookoil" time="0.0">
    <ignored/>
  </testcase> <!-- searchcookoil -->
  <testcase classname="com.starquick.test.starquickaddcartjourney" name="Onionsearchproduct" time="0.0">
    <ignored/>
  </testcase> <!-- Onionsearchproduct -->
  <testcase classname="com.starquick.test.starquickaddcartjourney" name="atta" time="0.0">
    <ignored/>
  </testcase> <!-- atta -->
  <testcase classname="com.starquick.test.starquickaddcartjourney" name="Tata_Agni_Leaf_Tea_Pouch" time="0.0">
    <ignored/>
  </testcase> <!-- Tata_Agni_Leaf_Tea_Pouch -->
</testsuite> <!-- Product Search Tests -->
