<?xml version="1.0" encoding="UTF-8"?>
<!-- Generated by org.testng.reporters.JUnitXMLReporter -->
<testsuite ignored="0" hostname="DESKTOP-CG41JSG" failures="0" tests="27" name="StarQuick Add to Cart Journey Test" time="333.434" errors="0" timestamp="2024-09-12T00:23:37 IST">
  <testcase classname="com.starquick.test.BaseTest" name="@BeforeMethod setUp" time="156.689">
    <failure type="org.openqa.selenium.SessionNotCreatedException" message="Could not start a new session. Response code 500. Message: Could not start a new session. Could not start a new session. Error while creating session with the driver service. Stopping driver service: Could not start a new session. Response code 500. Message: Failed to read marionette port 
Host info: host: &amp;apos;4cd02ea37b7e&amp;apos;, ip: &amp;apos;172.18.0.5&amp;apos;
Build info: version: &amp;apos;4.24.0&amp;apos;, revision: &amp;apos;748ffc9bc3&amp;apos;
System info: os.name: &amp;apos;Linux&amp;apos;, os.arch: &amp;apos;amd64&amp;apos;, os.version: &amp;apos;5.15.153.1-microsoft-standard-WSL2&amp;apos;, java.version: &amp;apos;17.0.12&amp;apos;
Driver info: driver.version: unknown
Build info: version: &amp;apos;4.24.0&amp;apos;, revision: &amp;apos;748ffc9bc3&amp;apos;
System info: os.name: &amp;apos;Linux&amp;apos;, os.arch: &amp;apos;amd64&amp;apos;, os.version: &amp;apos;5.15.153.1-microsoft-standard-WSL2&amp;apos;, java.version: &amp;apos;17.0.12&amp;apos;
Driver info: driver.version: unknown
Build info: version: &amp;apos;4.24.0&amp;apos;, revision: &amp;apos;748ffc9bc3&amp;apos;
System info: os.name: &amp;apos;Linux&amp;apos;, os.arch: &amp;apos;amd64&amp;apos;, os.version: &amp;apos;5.15.153.1-microsoft-standard-WSL2&amp;apos;, java.version: &amp;apos;17.0.12&amp;apos;
Driver info: driver.version: unknown
Build info: version: &amp;apos;4.24.0&amp;apos;, revision: &amp;apos;748ffc9bc3&amp;apos;
System info: os.name: &amp;apos;Windows 10&amp;apos;, os.arch: &amp;apos;amd64&amp;apos;, os.version: &amp;apos;10.0&amp;apos;, java.version: &amp;apos;17.0.10&amp;apos;
Driver info: org.openqa.selenium.remote.RemoteWebDriver
Command: [null, newSession {capabilities=[Capabilities {acceptInsecureCerts: true, browserName: firefox, moz:debuggerAddress: true, moz:firefoxOptions: {prefs: {remote.active-protocols: 3}}}]}]
Capabilities {acceptInsecureCerts: true, browserName: firefox, moz:debuggerAddress: true, moz:firefoxOptions: {prefs: {remote.active-protocols: 3}}}">
      <![CDATA[org.openqa.selenium.SessionNotCreatedException: Could not start a new session. Response code 500. Message: Could not start a new session. Could not start a new session. Error while creating session with the driver service. Stopping driver service: Could not start a new session. Response code 500. Message: Failed to read marionette port 
Host info: host: '4cd02ea37b7e', ip: '172.18.0.5'
Build info: version: '4.24.0', revision: '748ffc9bc3'
System info: os.name: 'Linux', os.arch: 'amd64', os.version: '5.15.153.1-microsoft-standard-WSL2', java.version: '17.0.12'
Driver info: driver.version: unknown
Build info: version: '4.24.0', revision: '748ffc9bc3'
System info: os.name: 'Linux', os.arch: 'amd64', os.version: '5.15.153.1-microsoft-standard-WSL2', java.version: '17.0.12'
Driver info: driver.version: unknown
Build info: version: '4.24.0', revision: '748ffc9bc3'
System info: os.name: 'Linux', os.arch: 'amd64', os.version: '5.15.153.1-microsoft-standard-WSL2', java.version: '17.0.12'
Driver info: driver.version: unknown
Build info: version: '4.24.0', revision: '748ffc9bc3'
System info: os.name: 'Windows 10', os.arch: 'amd64', os.version: '10.0', java.version: '17.0.10'
Driver info: org.openqa.selenium.remote.RemoteWebDriver
Command: [null, newSession {capabilities=[Capabilities {acceptInsecureCerts: true, browserName: firefox, moz:debuggerAddress: true, moz:firefoxOptions: {prefs: {remote.active-protocols: 3}}}]}]
Capabilities {acceptInsecureCerts: true, browserName: firefox, moz:debuggerAddress: true, moz:firefoxOptions: {prefs: {remote.active-protocols: 3}}}
at org.openqa.selenium.remote.ProtocolHandshake.createSession(ProtocolHandshake.java:114)
at org.openqa.selenium.remote.ProtocolHandshake.createSession(ProtocolHandshake.java:75)
at org.openqa.selenium.remote.ProtocolHandshake.createSession(ProtocolHandshake.java:61)
at org.openqa.selenium.remote.HttpCommandExecutor.execute(HttpCommandExecutor.java:162)
at org.openqa.selenium.remote.TracedCommandExecutor.execute(TracedCommandExecutor.java:53)
at org.openqa.selenium.remote.RemoteWebDriver.execute(RemoteWebDriver.java:545)
at org.openqa.selenium.remote.RemoteWebDriver.startSession(RemoteWebDriver.java:245)
at org.openqa.selenium.remote.RemoteWebDriver.<init>(RemoteWebDriver.java:174)
at org.openqa.selenium.remote.RemoteWebDriver.<init>(RemoteWebDriver.java:152)
at com.starquick.manager.DriverFactory.getDriver(DriverFactory.java:79)
at com.starquick.manager.Driver.initDriver(Driver.java:44)
at com.starquick.test.BaseTest.setUp(BaseTest.java:43)
at java.base/java.util.concurrent.ThreadPoolExecutor.runWorker(ThreadPoolExecutor.java:1136)
at java.base/java.util.concurrent.ThreadPoolExecutor$Worker.run(ThreadPoolExecutor.java:635)
at java.base/java.lang.Thread.run(Thread.java:842)
... Removed 13 stack frames]]>
    </failure>
  </testcase> <!-- @BeforeMethod setUp -->
  <testcase classname="com.starquick.test.BaseTest" name="@BeforeMethod setUp" time="156.745">
    <failure type="org.openqa.selenium.SessionNotCreatedException" message="Could not start a new session. Response code 500. Message: Could not start a new session. Could not start a new session. Error while creating session with the driver service. Stopping driver service: Could not start a new session. Response code 500. Message: Failed to read marionette port 
Host info: host: &amp;apos;4cd02ea37b7e&amp;apos;, ip: &amp;apos;172.18.0.5&amp;apos;
Build info: version: &amp;apos;4.24.0&amp;apos;, revision: &amp;apos;748ffc9bc3&amp;apos;
System info: os.name: &amp;apos;Linux&amp;apos;, os.arch: &amp;apos;amd64&amp;apos;, os.version: &amp;apos;5.15.153.1-microsoft-standard-WSL2&amp;apos;, java.version: &amp;apos;17.0.12&amp;apos;
Driver info: driver.version: unknown
Build info: version: &amp;apos;4.24.0&amp;apos;, revision: &amp;apos;748ffc9bc3&amp;apos;
System info: os.name: &amp;apos;Linux&amp;apos;, os.arch: &amp;apos;amd64&amp;apos;, os.version: &amp;apos;5.15.153.1-microsoft-standard-WSL2&amp;apos;, java.version: &amp;apos;17.0.12&amp;apos;
Driver info: driver.version: unknown
Build info: version: &amp;apos;4.24.0&amp;apos;, revision: &amp;apos;748ffc9bc3&amp;apos;
System info: os.name: &amp;apos;Linux&amp;apos;, os.arch: &amp;apos;amd64&amp;apos;, os.version: &amp;apos;5.15.153.1-microsoft-standard-WSL2&amp;apos;, java.version: &amp;apos;17.0.12&amp;apos;
Driver info: driver.version: unknown
Build info: version: &amp;apos;4.24.0&amp;apos;, revision: &amp;apos;748ffc9bc3&amp;apos;
System info: os.name: &amp;apos;Windows 10&amp;apos;, os.arch: &amp;apos;amd64&amp;apos;, os.version: &amp;apos;10.0&amp;apos;, java.version: &amp;apos;17.0.10&amp;apos;
Driver info: org.openqa.selenium.remote.RemoteWebDriver
Command: [null, newSession {capabilities=[Capabilities {acceptInsecureCerts: true, browserName: firefox, moz:debuggerAddress: true, moz:firefoxOptions: {prefs: {remote.active-protocols: 3}}}]}]
Capabilities {acceptInsecureCerts: true, browserName: firefox, moz:debuggerAddress: true, moz:firefoxOptions: {prefs: {remote.active-protocols: 3}}}">
      <![CDATA[org.openqa.selenium.SessionNotCreatedException: Could not start a new session. Response code 500. Message: Could not start a new session. Could not start a new session. Error while creating session with the driver service. Stopping driver service: Could not start a new session. Response code 500. Message: Failed to read marionette port 
Host info: host: '4cd02ea37b7e', ip: '172.18.0.5'
Build info: version: '4.24.0', revision: '748ffc9bc3'
System info: os.name: 'Linux', os.arch: 'amd64', os.version: '5.15.153.1-microsoft-standard-WSL2', java.version: '17.0.12'
Driver info: driver.version: unknown
Build info: version: '4.24.0', revision: '748ffc9bc3'
System info: os.name: 'Linux', os.arch: 'amd64', os.version: '5.15.153.1-microsoft-standard-WSL2', java.version: '17.0.12'
Driver info: driver.version: unknown
Build info: version: '4.24.0', revision: '748ffc9bc3'
System info: os.name: 'Linux', os.arch: 'amd64', os.version: '5.15.153.1-microsoft-standard-WSL2', java.version: '17.0.12'
Driver info: driver.version: unknown
Build info: version: '4.24.0', revision: '748ffc9bc3'
System info: os.name: 'Windows 10', os.arch: 'amd64', os.version: '10.0', java.version: '17.0.10'
Driver info: org.openqa.selenium.remote.RemoteWebDriver
Command: [null, newSession {capabilities=[Capabilities {acceptInsecureCerts: true, browserName: firefox, moz:debuggerAddress: true, moz:firefoxOptions: {prefs: {remote.active-protocols: 3}}}]}]
Capabilities {acceptInsecureCerts: true, browserName: firefox, moz:debuggerAddress: true, moz:firefoxOptions: {prefs: {remote.active-protocols: 3}}}
at org.openqa.selenium.remote.ProtocolHandshake.createSession(ProtocolHandshake.java:114)
at org.openqa.selenium.remote.ProtocolHandshake.createSession(ProtocolHandshake.java:75)
at org.openqa.selenium.remote.ProtocolHandshake.createSession(ProtocolHandshake.java:61)
at org.openqa.selenium.remote.HttpCommandExecutor.execute(HttpCommandExecutor.java:162)
at org.openqa.selenium.remote.TracedCommandExecutor.execute(TracedCommandExecutor.java:53)
at org.openqa.selenium.remote.RemoteWebDriver.execute(RemoteWebDriver.java:545)
at org.openqa.selenium.remote.RemoteWebDriver.startSession(RemoteWebDriver.java:245)
at org.openqa.selenium.remote.RemoteWebDriver.<init>(RemoteWebDriver.java:174)
at org.openqa.selenium.remote.RemoteWebDriver.<init>(RemoteWebDriver.java:152)
at com.starquick.manager.DriverFactory.getDriver(DriverFactory.java:79)
at com.starquick.manager.Driver.initDriver(Driver.java:44)
at com.starquick.test.BaseTest.setUp(BaseTest.java:43)
at java.base/java.util.concurrent.ThreadPoolExecutor.runWorker(ThreadPoolExecutor.java:1136)
at java.base/java.util.concurrent.ThreadPoolExecutor$Worker.run(ThreadPoolExecutor.java:635)
at java.base/java.lang.Thread.run(Thread.java:842)
... Removed 13 stack frames]]>
    </failure>
  </testcase> <!-- @BeforeMethod setUp -->
  <testcase classname="com.starquick.test.BaseTest" name="@BeforeMethod setUp" time="156.769">
    <failure type="org.openqa.selenium.SessionNotCreatedException" message="Could not start a new session. Response code 500. Message: Could not start a new session. Could not start a new session. Error while creating session with the driver service. Stopping driver service: Could not start a new session. Response code 500. Message: Failed to read marionette port 
Host info: host: &amp;apos;4cd02ea37b7e&amp;apos;, ip: &amp;apos;172.18.0.5&amp;apos;
Build info: version: &amp;apos;4.24.0&amp;apos;, revision: &amp;apos;748ffc9bc3&amp;apos;
System info: os.name: &amp;apos;Linux&amp;apos;, os.arch: &amp;apos;amd64&amp;apos;, os.version: &amp;apos;5.15.153.1-microsoft-standard-WSL2&amp;apos;, java.version: &amp;apos;17.0.12&amp;apos;
Driver info: driver.version: unknown
Build info: version: &amp;apos;4.24.0&amp;apos;, revision: &amp;apos;748ffc9bc3&amp;apos;
System info: os.name: &amp;apos;Linux&amp;apos;, os.arch: &amp;apos;amd64&amp;apos;, os.version: &amp;apos;5.15.153.1-microsoft-standard-WSL2&amp;apos;, java.version: &amp;apos;17.0.12&amp;apos;
Driver info: driver.version: unknown
Build info: version: &amp;apos;4.24.0&amp;apos;, revision: &amp;apos;748ffc9bc3&amp;apos;
System info: os.name: &amp;apos;Linux&amp;apos;, os.arch: &amp;apos;amd64&amp;apos;, os.version: &amp;apos;5.15.153.1-microsoft-standard-WSL2&amp;apos;, java.version: &amp;apos;17.0.12&amp;apos;
Driver info: driver.version: unknown
Build info: version: &amp;apos;4.24.0&amp;apos;, revision: &amp;apos;748ffc9bc3&amp;apos;
System info: os.name: &amp;apos;Windows 10&amp;apos;, os.arch: &amp;apos;amd64&amp;apos;, os.version: &amp;apos;10.0&amp;apos;, java.version: &amp;apos;17.0.10&amp;apos;
Driver info: org.openqa.selenium.remote.RemoteWebDriver
Command: [null, newSession {capabilities=[Capabilities {acceptInsecureCerts: true, browserName: firefox, moz:debuggerAddress: true, moz:firefoxOptions: {prefs: {remote.active-protocols: 3}}}]}]
Capabilities {acceptInsecureCerts: true, browserName: firefox, moz:debuggerAddress: true, moz:firefoxOptions: {prefs: {remote.active-protocols: 3}}}">
      <![CDATA[org.openqa.selenium.SessionNotCreatedException: Could not start a new session. Response code 500. Message: Could not start a new session. Could not start a new session. Error while creating session with the driver service. Stopping driver service: Could not start a new session. Response code 500. Message: Failed to read marionette port 
Host info: host: '4cd02ea37b7e', ip: '172.18.0.5'
Build info: version: '4.24.0', revision: '748ffc9bc3'
System info: os.name: 'Linux', os.arch: 'amd64', os.version: '5.15.153.1-microsoft-standard-WSL2', java.version: '17.0.12'
Driver info: driver.version: unknown
Build info: version: '4.24.0', revision: '748ffc9bc3'
System info: os.name: 'Linux', os.arch: 'amd64', os.version: '5.15.153.1-microsoft-standard-WSL2', java.version: '17.0.12'
Driver info: driver.version: unknown
Build info: version: '4.24.0', revision: '748ffc9bc3'
System info: os.name: 'Linux', os.arch: 'amd64', os.version: '5.15.153.1-microsoft-standard-WSL2', java.version: '17.0.12'
Driver info: driver.version: unknown
Build info: version: '4.24.0', revision: '748ffc9bc3'
System info: os.name: 'Windows 10', os.arch: 'amd64', os.version: '10.0', java.version: '17.0.10'
Driver info: org.openqa.selenium.remote.RemoteWebDriver
Command: [null, newSession {capabilities=[Capabilities {acceptInsecureCerts: true, browserName: firefox, moz:debuggerAddress: true, moz:firefoxOptions: {prefs: {remote.active-protocols: 3}}}]}]
Capabilities {acceptInsecureCerts: true, browserName: firefox, moz:debuggerAddress: true, moz:firefoxOptions: {prefs: {remote.active-protocols: 3}}}
at org.openqa.selenium.remote.ProtocolHandshake.createSession(ProtocolHandshake.java:114)
at org.openqa.selenium.remote.ProtocolHandshake.createSession(ProtocolHandshake.java:75)
at org.openqa.selenium.remote.ProtocolHandshake.createSession(ProtocolHandshake.java:61)
at org.openqa.selenium.remote.HttpCommandExecutor.execute(HttpCommandExecutor.java:162)
at org.openqa.selenium.remote.TracedCommandExecutor.execute(TracedCommandExecutor.java:53)
at org.openqa.selenium.remote.RemoteWebDriver.execute(RemoteWebDriver.java:545)
at org.openqa.selenium.remote.RemoteWebDriver.startSession(RemoteWebDriver.java:245)
at org.openqa.selenium.remote.RemoteWebDriver.<init>(RemoteWebDriver.java:174)
at org.openqa.selenium.remote.RemoteWebDriver.<init>(RemoteWebDriver.java:152)
at com.starquick.manager.DriverFactory.getDriver(DriverFactory.java:79)
at com.starquick.manager.Driver.initDriver(Driver.java:44)
at com.starquick.test.BaseTest.setUp(BaseTest.java:43)
at java.base/java.util.concurrent.ThreadPoolExecutor.runWorker(ThreadPoolExecutor.java:1136)
at java.base/java.util.concurrent.ThreadPoolExecutor$Worker.run(ThreadPoolExecutor.java:635)
at java.base/java.lang.Thread.run(Thread.java:842)
... Removed 12 stack frames]]>
    </failure>
  </testcase> <!-- @BeforeMethod setUp -->
  <testcase classname="com.starquick.test.BaseTest" name="@BeforeMethod setUp" time="156.817">
    <failure type="org.openqa.selenium.SessionNotCreatedException" message="Could not start a new session. Response code 500. Message: Could not start a new session. Could not start a new session. Error while creating session with the driver service. Stopping driver service: Could not start a new session. Response code 500. Message: Failed to read marionette port 
Host info: host: &amp;apos;4cd02ea37b7e&amp;apos;, ip: &amp;apos;172.18.0.5&amp;apos;
Build info: version: &amp;apos;4.24.0&amp;apos;, revision: &amp;apos;748ffc9bc3&amp;apos;
System info: os.name: &amp;apos;Linux&amp;apos;, os.arch: &amp;apos;amd64&amp;apos;, os.version: &amp;apos;5.15.153.1-microsoft-standard-WSL2&amp;apos;, java.version: &amp;apos;17.0.12&amp;apos;
Driver info: driver.version: unknown
Build info: version: &amp;apos;4.24.0&amp;apos;, revision: &amp;apos;748ffc9bc3&amp;apos;
System info: os.name: &amp;apos;Linux&amp;apos;, os.arch: &amp;apos;amd64&amp;apos;, os.version: &amp;apos;5.15.153.1-microsoft-standard-WSL2&amp;apos;, java.version: &amp;apos;17.0.12&amp;apos;
Driver info: driver.version: unknown
Build info: version: &amp;apos;4.24.0&amp;apos;, revision: &amp;apos;748ffc9bc3&amp;apos;
System info: os.name: &amp;apos;Linux&amp;apos;, os.arch: &amp;apos;amd64&amp;apos;, os.version: &amp;apos;5.15.153.1-microsoft-standard-WSL2&amp;apos;, java.version: &amp;apos;17.0.12&amp;apos;
Driver info: driver.version: unknown
Build info: version: &amp;apos;4.24.0&amp;apos;, revision: &amp;apos;748ffc9bc3&amp;apos;
System info: os.name: &amp;apos;Windows 10&amp;apos;, os.arch: &amp;apos;amd64&amp;apos;, os.version: &amp;apos;10.0&amp;apos;, java.version: &amp;apos;17.0.10&amp;apos;
Driver info: org.openqa.selenium.remote.RemoteWebDriver
Command: [null, newSession {capabilities=[Capabilities {acceptInsecureCerts: true, browserName: firefox, moz:debuggerAddress: true, moz:firefoxOptions: {prefs: {remote.active-protocols: 3}}}]}]
Capabilities {acceptInsecureCerts: true, browserName: firefox, moz:debuggerAddress: true, moz:firefoxOptions: {prefs: {remote.active-protocols: 3}}}">
      <![CDATA[org.openqa.selenium.SessionNotCreatedException: Could not start a new session. Response code 500. Message: Could not start a new session. Could not start a new session. Error while creating session with the driver service. Stopping driver service: Could not start a new session. Response code 500. Message: Failed to read marionette port 
Host info: host: '4cd02ea37b7e', ip: '172.18.0.5'
Build info: version: '4.24.0', revision: '748ffc9bc3'
System info: os.name: 'Linux', os.arch: 'amd64', os.version: '5.15.153.1-microsoft-standard-WSL2', java.version: '17.0.12'
Driver info: driver.version: unknown
Build info: version: '4.24.0', revision: '748ffc9bc3'
System info: os.name: 'Linux', os.arch: 'amd64', os.version: '5.15.153.1-microsoft-standard-WSL2', java.version: '17.0.12'
Driver info: driver.version: unknown
Build info: version: '4.24.0', revision: '748ffc9bc3'
System info: os.name: 'Linux', os.arch: 'amd64', os.version: '5.15.153.1-microsoft-standard-WSL2', java.version: '17.0.12'
Driver info: driver.version: unknown
Build info: version: '4.24.0', revision: '748ffc9bc3'
System info: os.name: 'Windows 10', os.arch: 'amd64', os.version: '10.0', java.version: '17.0.10'
Driver info: org.openqa.selenium.remote.RemoteWebDriver
Command: [null, newSession {capabilities=[Capabilities {acceptInsecureCerts: true, browserName: firefox, moz:debuggerAddress: true, moz:firefoxOptions: {prefs: {remote.active-protocols: 3}}}]}]
Capabilities {acceptInsecureCerts: true, browserName: firefox, moz:debuggerAddress: true, moz:firefoxOptions: {prefs: {remote.active-protocols: 3}}}
at org.openqa.selenium.remote.ProtocolHandshake.createSession(ProtocolHandshake.java:114)
at org.openqa.selenium.remote.ProtocolHandshake.createSession(ProtocolHandshake.java:75)
at org.openqa.selenium.remote.ProtocolHandshake.createSession(ProtocolHandshake.java:61)
at org.openqa.selenium.remote.HttpCommandExecutor.execute(HttpCommandExecutor.java:162)
at org.openqa.selenium.remote.TracedCommandExecutor.execute(TracedCommandExecutor.java:53)
at org.openqa.selenium.remote.RemoteWebDriver.execute(RemoteWebDriver.java:545)
at org.openqa.selenium.remote.RemoteWebDriver.startSession(RemoteWebDriver.java:245)
at org.openqa.selenium.remote.RemoteWebDriver.<init>(RemoteWebDriver.java:174)
at org.openqa.selenium.remote.RemoteWebDriver.<init>(RemoteWebDriver.java:152)
at com.starquick.manager.DriverFactory.getDriver(DriverFactory.java:79)
at com.starquick.manager.Driver.initDriver(Driver.java:44)
at com.starquick.test.BaseTest.setUp(BaseTest.java:43)
at java.base/java.util.concurrent.ThreadPoolExecutor.runWorker(ThreadPoolExecutor.java:1136)
at java.base/java.util.concurrent.ThreadPoolExecutor$Worker.run(ThreadPoolExecutor.java:635)
at java.base/java.lang.Thread.run(Thread.java:842)
... Removed 13 stack frames]]>
    </failure>
  </testcase> <!-- @BeforeMethod setUp -->
  <testcase classname="com.starquick.test.BaseTest" name="@BeforeMethod setUp" time="156.93">
    <failure type="org.openqa.selenium.SessionNotCreatedException" message="Could not start a new session. Response code 500. Message: Could not start a new session. Could not start a new session. Error while creating session with the driver service. Stopping driver service: Could not start a new session. Response code 500. Message: session not created: DevToolsActivePort file doesn&amp;apos;t exist 
Host info: host: &amp;apos;322de73c3bcb&amp;apos;, ip: &amp;apos;172.18.0.4&amp;apos;
Build info: version: &amp;apos;4.24.0&amp;apos;, revision: &amp;apos;748ffc9bc3&amp;apos;
System info: os.name: &amp;apos;Linux&amp;apos;, os.arch: &amp;apos;amd64&amp;apos;, os.version: &amp;apos;5.15.153.1-microsoft-standard-WSL2&amp;apos;, java.version: &amp;apos;17.0.12&amp;apos;
Driver info: driver.version: unknown
Build info: version: &amp;apos;4.24.0&amp;apos;, revision: &amp;apos;748ffc9bc3&amp;apos;
System info: os.name: &amp;apos;Linux&amp;apos;, os.arch: &amp;apos;amd64&amp;apos;, os.version: &amp;apos;5.15.153.1-microsoft-standard-WSL2&amp;apos;, java.version: &amp;apos;17.0.12&amp;apos;
Driver info: driver.version: unknown
Build info: version: &amp;apos;4.24.0&amp;apos;, revision: &amp;apos;748ffc9bc3&amp;apos;
System info: os.name: &amp;apos;Linux&amp;apos;, os.arch: &amp;apos;amd64&amp;apos;, os.version: &amp;apos;5.15.153.1-microsoft-standard-WSL2&amp;apos;, java.version: &amp;apos;17.0.12&amp;apos;
Driver info: driver.version: unknown
Build info: version: &amp;apos;4.24.0&amp;apos;, revision: &amp;apos;748ffc9bc3&amp;apos;
System info: os.name: &amp;apos;Windows 10&amp;apos;, os.arch: &amp;apos;amd64&amp;apos;, os.version: &amp;apos;10.0&amp;apos;, java.version: &amp;apos;17.0.10&amp;apos;
Driver info: org.openqa.selenium.remote.RemoteWebDriver
Command: [null, newSession {capabilities=[Capabilities {browserName: chrome, goog:chromeOptions: {args: [], extensions: []}}]}]
Capabilities {browserName: chrome, goog:chromeOptions: {args: [], extensions: []}}">
      <![CDATA[org.openqa.selenium.SessionNotCreatedException: Could not start a new session. Response code 500. Message: Could not start a new session. Could not start a new session. Error while creating session with the driver service. Stopping driver service: Could not start a new session. Response code 500. Message: session not created: DevToolsActivePort file doesn't exist 
Host info: host: '322de73c3bcb', ip: '172.18.0.4'
Build info: version: '4.24.0', revision: '748ffc9bc3'
System info: os.name: 'Linux', os.arch: 'amd64', os.version: '5.15.153.1-microsoft-standard-WSL2', java.version: '17.0.12'
Driver info: driver.version: unknown
Build info: version: '4.24.0', revision: '748ffc9bc3'
System info: os.name: 'Linux', os.arch: 'amd64', os.version: '5.15.153.1-microsoft-standard-WSL2', java.version: '17.0.12'
Driver info: driver.version: unknown
Build info: version: '4.24.0', revision: '748ffc9bc3'
System info: os.name: 'Linux', os.arch: 'amd64', os.version: '5.15.153.1-microsoft-standard-WSL2', java.version: '17.0.12'
Driver info: driver.version: unknown
Build info: version: '4.24.0', revision: '748ffc9bc3'
System info: os.name: 'Windows 10', os.arch: 'amd64', os.version: '10.0', java.version: '17.0.10'
Driver info: org.openqa.selenium.remote.RemoteWebDriver
Command: [null, newSession {capabilities=[Capabilities {browserName: chrome, goog:chromeOptions: {args: [], extensions: []}}]}]
Capabilities {browserName: chrome, goog:chromeOptions: {args: [], extensions: []}}
at org.openqa.selenium.remote.ProtocolHandshake.createSession(ProtocolHandshake.java:114)
at org.openqa.selenium.remote.ProtocolHandshake.createSession(ProtocolHandshake.java:75)
at org.openqa.selenium.remote.ProtocolHandshake.createSession(ProtocolHandshake.java:61)
at org.openqa.selenium.remote.HttpCommandExecutor.execute(HttpCommandExecutor.java:162)
at org.openqa.selenium.remote.TracedCommandExecutor.execute(TracedCommandExecutor.java:53)
at org.openqa.selenium.remote.RemoteWebDriver.execute(RemoteWebDriver.java:545)
at org.openqa.selenium.remote.RemoteWebDriver.startSession(RemoteWebDriver.java:245)
at org.openqa.selenium.remote.RemoteWebDriver.<init>(RemoteWebDriver.java:174)
at org.openqa.selenium.remote.RemoteWebDriver.<init>(RemoteWebDriver.java:152)
at com.starquick.manager.DriverFactory.getDriver(DriverFactory.java:59)
at com.starquick.manager.Driver.initDriver(Driver.java:44)
at com.starquick.test.BaseTest.setUp(BaseTest.java:43)
at java.base/java.util.concurrent.ThreadPoolExecutor.runWorker(ThreadPoolExecutor.java:1136)
at java.base/java.util.concurrent.ThreadPoolExecutor$Worker.run(ThreadPoolExecutor.java:635)
at java.base/java.lang.Thread.run(Thread.java:842)
... Removed 13 stack frames]]>
    </failure>
  </testcase> <!-- @BeforeMethod setUp -->
  <testcase classname="com.starquick.test.BaseTest" name="@BeforeMethod setUp" time="156.915">
    <failure type="org.openqa.selenium.SessionNotCreatedException" message="Could not start a new session. Response code 500. Message: Could not start a new session. Could not start a new session. Error while creating session with the driver service. Stopping driver service: Could not start a new session. Response code 500. Message: session not created: DevToolsActivePort file doesn&amp;apos;t exist 
Host info: host: &amp;apos;322de73c3bcb&amp;apos;, ip: &amp;apos;172.18.0.4&amp;apos;
Build info: version: &amp;apos;4.24.0&amp;apos;, revision: &amp;apos;748ffc9bc3&amp;apos;
System info: os.name: &amp;apos;Linux&amp;apos;, os.arch: &amp;apos;amd64&amp;apos;, os.version: &amp;apos;5.15.153.1-microsoft-standard-WSL2&amp;apos;, java.version: &amp;apos;17.0.12&amp;apos;
Driver info: driver.version: unknown
Build info: version: &amp;apos;4.24.0&amp;apos;, revision: &amp;apos;748ffc9bc3&amp;apos;
System info: os.name: &amp;apos;Linux&amp;apos;, os.arch: &amp;apos;amd64&amp;apos;, os.version: &amp;apos;5.15.153.1-microsoft-standard-WSL2&amp;apos;, java.version: &amp;apos;17.0.12&amp;apos;
Driver info: driver.version: unknown
Build info: version: &amp;apos;4.24.0&amp;apos;, revision: &amp;apos;748ffc9bc3&amp;apos;
System info: os.name: &amp;apos;Linux&amp;apos;, os.arch: &amp;apos;amd64&amp;apos;, os.version: &amp;apos;5.15.153.1-microsoft-standard-WSL2&amp;apos;, java.version: &amp;apos;17.0.12&amp;apos;
Driver info: driver.version: unknown
Build info: version: &amp;apos;4.24.0&amp;apos;, revision: &amp;apos;748ffc9bc3&amp;apos;
System info: os.name: &amp;apos;Windows 10&amp;apos;, os.arch: &amp;apos;amd64&amp;apos;, os.version: &amp;apos;10.0&amp;apos;, java.version: &amp;apos;17.0.10&amp;apos;
Driver info: org.openqa.selenium.remote.RemoteWebDriver
Command: [null, newSession {capabilities=[Capabilities {browserName: chrome, goog:chromeOptions: {args: [], extensions: []}}]}]
Capabilities {browserName: chrome, goog:chromeOptions: {args: [], extensions: []}}">
      <![CDATA[org.openqa.selenium.SessionNotCreatedException: Could not start a new session. Response code 500. Message: Could not start a new session. Could not start a new session. Error while creating session with the driver service. Stopping driver service: Could not start a new session. Response code 500. Message: session not created: DevToolsActivePort file doesn't exist 
Host info: host: '322de73c3bcb', ip: '172.18.0.4'
Build info: version: '4.24.0', revision: '748ffc9bc3'
System info: os.name: 'Linux', os.arch: 'amd64', os.version: '5.15.153.1-microsoft-standard-WSL2', java.version: '17.0.12'
Driver info: driver.version: unknown
Build info: version: '4.24.0', revision: '748ffc9bc3'
System info: os.name: 'Linux', os.arch: 'amd64', os.version: '5.15.153.1-microsoft-standard-WSL2', java.version: '17.0.12'
Driver info: driver.version: unknown
Build info: version: '4.24.0', revision: '748ffc9bc3'
System info: os.name: 'Linux', os.arch: 'amd64', os.version: '5.15.153.1-microsoft-standard-WSL2', java.version: '17.0.12'
Driver info: driver.version: unknown
Build info: version: '4.24.0', revision: '748ffc9bc3'
System info: os.name: 'Windows 10', os.arch: 'amd64', os.version: '10.0', java.version: '17.0.10'
Driver info: org.openqa.selenium.remote.RemoteWebDriver
Command: [null, newSession {capabilities=[Capabilities {browserName: chrome, goog:chromeOptions: {args: [], extensions: []}}]}]
Capabilities {browserName: chrome, goog:chromeOptions: {args: [], extensions: []}}
at org.openqa.selenium.remote.ProtocolHandshake.createSession(ProtocolHandshake.java:114)
at org.openqa.selenium.remote.ProtocolHandshake.createSession(ProtocolHandshake.java:75)
at org.openqa.selenium.remote.ProtocolHandshake.createSession(ProtocolHandshake.java:61)
at org.openqa.selenium.remote.HttpCommandExecutor.execute(HttpCommandExecutor.java:162)
at org.openqa.selenium.remote.TracedCommandExecutor.execute(TracedCommandExecutor.java:53)
at org.openqa.selenium.remote.RemoteWebDriver.execute(RemoteWebDriver.java:545)
at org.openqa.selenium.remote.RemoteWebDriver.startSession(RemoteWebDriver.java:245)
at org.openqa.selenium.remote.RemoteWebDriver.<init>(RemoteWebDriver.java:174)
at org.openqa.selenium.remote.RemoteWebDriver.<init>(RemoteWebDriver.java:152)
at com.starquick.manager.DriverFactory.getDriver(DriverFactory.java:59)
at com.starquick.manager.Driver.initDriver(Driver.java:44)
at com.starquick.test.BaseTest.setUp(BaseTest.java:43)
at java.base/java.util.concurrent.ThreadPoolExecutor.runWorker(ThreadPoolExecutor.java:1136)
at java.base/java.util.concurrent.ThreadPoolExecutor$Worker.run(ThreadPoolExecutor.java:635)
at java.base/java.lang.Thread.run(Thread.java:842)
... Removed 13 stack frames]]>
    </failure>
  </testcase> <!-- @BeforeMethod setUp -->
  <testcase classname="com.starquick.test.BaseTest" name="@BeforeMethod setUp" time="156.967">
    <failure type="org.openqa.selenium.SessionNotCreatedException" message="Could not start a new session. Response code 500. Message: Could not start a new session. Could not start a new session. Error while creating session with the driver service. Stopping driver service: Could not start a new session. Response code 500. Message: session not created: DevToolsActivePort file doesn&amp;apos;t exist 
Host info: host: &amp;apos;322de73c3bcb&amp;apos;, ip: &amp;apos;172.18.0.4&amp;apos;
Build info: version: &amp;apos;4.24.0&amp;apos;, revision: &amp;apos;748ffc9bc3&amp;apos;
System info: os.name: &amp;apos;Linux&amp;apos;, os.arch: &amp;apos;amd64&amp;apos;, os.version: &amp;apos;5.15.153.1-microsoft-standard-WSL2&amp;apos;, java.version: &amp;apos;17.0.12&amp;apos;
Driver info: driver.version: unknown
Build info: version: &amp;apos;4.24.0&amp;apos;, revision: &amp;apos;748ffc9bc3&amp;apos;
System info: os.name: &amp;apos;Linux&amp;apos;, os.arch: &amp;apos;amd64&amp;apos;, os.version: &amp;apos;5.15.153.1-microsoft-standard-WSL2&amp;apos;, java.version: &amp;apos;17.0.12&amp;apos;
Driver info: driver.version: unknown
Build info: version: &amp;apos;4.24.0&amp;apos;, revision: &amp;apos;748ffc9bc3&amp;apos;
System info: os.name: &amp;apos;Linux&amp;apos;, os.arch: &amp;apos;amd64&amp;apos;, os.version: &amp;apos;5.15.153.1-microsoft-standard-WSL2&amp;apos;, java.version: &amp;apos;17.0.12&amp;apos;
Driver info: driver.version: unknown
Build info: version: &amp;apos;4.24.0&amp;apos;, revision: &amp;apos;748ffc9bc3&amp;apos;
System info: os.name: &amp;apos;Windows 10&amp;apos;, os.arch: &amp;apos;amd64&amp;apos;, os.version: &amp;apos;10.0&amp;apos;, java.version: &amp;apos;17.0.10&amp;apos;
Driver info: org.openqa.selenium.remote.RemoteWebDriver
Command: [null, newSession {capabilities=[Capabilities {browserName: chrome, goog:chromeOptions: {args: [], extensions: []}}]}]
Capabilities {browserName: chrome, goog:chromeOptions: {args: [], extensions: []}}">
      <![CDATA[org.openqa.selenium.SessionNotCreatedException: Could not start a new session. Response code 500. Message: Could not start a new session. Could not start a new session. Error while creating session with the driver service. Stopping driver service: Could not start a new session. Response code 500. Message: session not created: DevToolsActivePort file doesn't exist 
Host info: host: '322de73c3bcb', ip: '172.18.0.4'
Build info: version: '4.24.0', revision: '748ffc9bc3'
System info: os.name: 'Linux', os.arch: 'amd64', os.version: '5.15.153.1-microsoft-standard-WSL2', java.version: '17.0.12'
Driver info: driver.version: unknown
Build info: version: '4.24.0', revision: '748ffc9bc3'
System info: os.name: 'Linux', os.arch: 'amd64', os.version: '5.15.153.1-microsoft-standard-WSL2', java.version: '17.0.12'
Driver info: driver.version: unknown
Build info: version: '4.24.0', revision: '748ffc9bc3'
System info: os.name: 'Linux', os.arch: 'amd64', os.version: '5.15.153.1-microsoft-standard-WSL2', java.version: '17.0.12'
Driver info: driver.version: unknown
Build info: version: '4.24.0', revision: '748ffc9bc3'
System info: os.name: 'Windows 10', os.arch: 'amd64', os.version: '10.0', java.version: '17.0.10'
Driver info: org.openqa.selenium.remote.RemoteWebDriver
Command: [null, newSession {capabilities=[Capabilities {browserName: chrome, goog:chromeOptions: {args: [], extensions: []}}]}]
Capabilities {browserName: chrome, goog:chromeOptions: {args: [], extensions: []}}
at org.openqa.selenium.remote.ProtocolHandshake.createSession(ProtocolHandshake.java:114)
at org.openqa.selenium.remote.ProtocolHandshake.createSession(ProtocolHandshake.java:75)
at org.openqa.selenium.remote.ProtocolHandshake.createSession(ProtocolHandshake.java:61)
at org.openqa.selenium.remote.HttpCommandExecutor.execute(HttpCommandExecutor.java:162)
at org.openqa.selenium.remote.TracedCommandExecutor.execute(TracedCommandExecutor.java:53)
at org.openqa.selenium.remote.RemoteWebDriver.execute(RemoteWebDriver.java:545)
at org.openqa.selenium.remote.RemoteWebDriver.startSession(RemoteWebDriver.java:245)
at org.openqa.selenium.remote.RemoteWebDriver.<init>(RemoteWebDriver.java:174)
at org.openqa.selenium.remote.RemoteWebDriver.<init>(RemoteWebDriver.java:152)
at com.starquick.manager.DriverFactory.getDriver(DriverFactory.java:59)
at com.starquick.manager.Driver.initDriver(Driver.java:44)
at com.starquick.test.BaseTest.setUp(BaseTest.java:43)
at java.base/java.util.concurrent.ThreadPoolExecutor.runWorker(ThreadPoolExecutor.java:1136)
at java.base/java.util.concurrent.ThreadPoolExecutor$Worker.run(ThreadPoolExecutor.java:635)
at java.base/java.lang.Thread.run(Thread.java:842)
... Removed 13 stack frames]]>
    </failure>
  </testcase> <!-- @BeforeMethod setUp -->
  <testcase classname="com.starquick.test.BaseTest" name="@BeforeMethod setUp" time="157.007">
    <failure type="org.openqa.selenium.SessionNotCreatedException" message="Could not start a new session. Response code 500. Message: Could not start a new session. Could not start a new session. Error while creating session with the driver service. Stopping driver service: Could not start a new session. Response code 500. Message: session not created: DevToolsActivePort file doesn&amp;apos;t exist 
Host info: host: &amp;apos;322de73c3bcb&amp;apos;, ip: &amp;apos;172.18.0.4&amp;apos;
Build info: version: &amp;apos;4.24.0&amp;apos;, revision: &amp;apos;748ffc9bc3&amp;apos;
System info: os.name: &amp;apos;Linux&amp;apos;, os.arch: &amp;apos;amd64&amp;apos;, os.version: &amp;apos;5.15.153.1-microsoft-standard-WSL2&amp;apos;, java.version: &amp;apos;17.0.12&amp;apos;
Driver info: driver.version: unknown
Build info: version: &amp;apos;4.24.0&amp;apos;, revision: &amp;apos;748ffc9bc3&amp;apos;
System info: os.name: &amp;apos;Linux&amp;apos;, os.arch: &amp;apos;amd64&amp;apos;, os.version: &amp;apos;5.15.153.1-microsoft-standard-WSL2&amp;apos;, java.version: &amp;apos;17.0.12&amp;apos;
Driver info: driver.version: unknown
Build info: version: &amp;apos;4.24.0&amp;apos;, revision: &amp;apos;748ffc9bc3&amp;apos;
System info: os.name: &amp;apos;Linux&amp;apos;, os.arch: &amp;apos;amd64&amp;apos;, os.version: &amp;apos;5.15.153.1-microsoft-standard-WSL2&amp;apos;, java.version: &amp;apos;17.0.12&amp;apos;
Driver info: driver.version: unknown
Build info: version: &amp;apos;4.24.0&amp;apos;, revision: &amp;apos;748ffc9bc3&amp;apos;
System info: os.name: &amp;apos;Windows 10&amp;apos;, os.arch: &amp;apos;amd64&amp;apos;, os.version: &amp;apos;10.0&amp;apos;, java.version: &amp;apos;17.0.10&amp;apos;
Driver info: org.openqa.selenium.remote.RemoteWebDriver
Command: [null, newSession {capabilities=[Capabilities {browserName: chrome, goog:chromeOptions: {args: [], extensions: []}}]}]
Capabilities {browserName: chrome, goog:chromeOptions: {args: [], extensions: []}}">
      <![CDATA[org.openqa.selenium.SessionNotCreatedException: Could not start a new session. Response code 500. Message: Could not start a new session. Could not start a new session. Error while creating session with the driver service. Stopping driver service: Could not start a new session. Response code 500. Message: session not created: DevToolsActivePort file doesn't exist 
Host info: host: '322de73c3bcb', ip: '172.18.0.4'
Build info: version: '4.24.0', revision: '748ffc9bc3'
System info: os.name: 'Linux', os.arch: 'amd64', os.version: '5.15.153.1-microsoft-standard-WSL2', java.version: '17.0.12'
Driver info: driver.version: unknown
Build info: version: '4.24.0', revision: '748ffc9bc3'
System info: os.name: 'Linux', os.arch: 'amd64', os.version: '5.15.153.1-microsoft-standard-WSL2', java.version: '17.0.12'
Driver info: driver.version: unknown
Build info: version: '4.24.0', revision: '748ffc9bc3'
System info: os.name: 'Linux', os.arch: 'amd64', os.version: '5.15.153.1-microsoft-standard-WSL2', java.version: '17.0.12'
Driver info: driver.version: unknown
Build info: version: '4.24.0', revision: '748ffc9bc3'
System info: os.name: 'Windows 10', os.arch: 'amd64', os.version: '10.0', java.version: '17.0.10'
Driver info: org.openqa.selenium.remote.RemoteWebDriver
Command: [null, newSession {capabilities=[Capabilities {browserName: chrome, goog:chromeOptions: {args: [], extensions: []}}]}]
Capabilities {browserName: chrome, goog:chromeOptions: {args: [], extensions: []}}
at org.openqa.selenium.remote.ProtocolHandshake.createSession(ProtocolHandshake.java:114)
at org.openqa.selenium.remote.ProtocolHandshake.createSession(ProtocolHandshake.java:75)
at org.openqa.selenium.remote.ProtocolHandshake.createSession(ProtocolHandshake.java:61)
at org.openqa.selenium.remote.HttpCommandExecutor.execute(HttpCommandExecutor.java:162)
at org.openqa.selenium.remote.TracedCommandExecutor.execute(TracedCommandExecutor.java:53)
at org.openqa.selenium.remote.RemoteWebDriver.execute(RemoteWebDriver.java:545)
at org.openqa.selenium.remote.RemoteWebDriver.startSession(RemoteWebDriver.java:245)
at org.openqa.selenium.remote.RemoteWebDriver.<init>(RemoteWebDriver.java:174)
at org.openqa.selenium.remote.RemoteWebDriver.<init>(RemoteWebDriver.java:152)
at com.starquick.manager.DriverFactory.getDriver(DriverFactory.java:59)
at com.starquick.manager.Driver.initDriver(Driver.java:44)
at com.starquick.test.BaseTest.setUp(BaseTest.java:43)
at java.base/java.util.concurrent.ThreadPoolExecutor.runWorker(ThreadPoolExecutor.java:1136)
at java.base/java.util.concurrent.ThreadPoolExecutor$Worker.run(ThreadPoolExecutor.java:635)
at java.base/java.lang.Thread.run(Thread.java:842)
... Removed 13 stack frames]]>
    </failure>
  </testcase> <!-- @BeforeMethod setUp -->
  <testcase classname="com.starquick.test.BaseTest" name="@BeforeMethod setUp" time="181.988">
    <failure type="org.openqa.selenium.SessionNotCreatedException" message="Could not start a new session. Possible causes are invalid address of the remote server or browser start-up failure. 
Host info: host: &amp;apos;DESKTOP-CG41JSG&amp;apos;, ip: &amp;apos;169.254.169.70&amp;apos;">
      <![CDATA[org.openqa.selenium.SessionNotCreatedException: Could not start a new session. Possible causes are invalid address of the remote server or browser start-up failure. 
Host info: host: 'DESKTOP-CG41JSG', ip: '169.254.169.70'
at org.openqa.selenium.remote.RemoteWebDriver.execute(RemoteWebDriver.java:563)
at org.openqa.selenium.remote.RemoteWebDriver.startSession(RemoteWebDriver.java:245)
at org.openqa.selenium.remote.RemoteWebDriver.<init>(RemoteWebDriver.java:174)
at org.openqa.selenium.remote.RemoteWebDriver.<init>(RemoteWebDriver.java:152)
at com.starquick.manager.DriverFactory.getDriver(DriverFactory.java:70)
at com.starquick.manager.Driver.initDriver(Driver.java:44)
at com.starquick.test.BaseTest.setUp(BaseTest.java:43)
at java.base/java.util.concurrent.ThreadPoolExecutor.runWorker(ThreadPoolExecutor.java:1136)
at java.base/java.util.concurrent.ThreadPoolExecutor$Worker.run(ThreadPoolExecutor.java:635)
at java.base/java.lang.Thread.run(Thread.java:842)
Caused by: org.openqa.selenium.TimeoutException: java.util.concurrent.TimeoutException
Build info: version: '4.24.0', revision: '748ffc9bc3'
System info: os.name: 'Windows 10', os.arch: 'amd64', os.version: '10.0', java.version: '17.0.10'
Driver info: driver.version: Driver
at org.openqa.selenium.remote.http.jdk.JdkHttpClient.execute0(JdkHttpClient.java:418)
at org.openqa.selenium.remote.http.AddSeleniumUserAgent.lambda$apply$0(AddSeleniumUserAgent.java:42)
at org.openqa.selenium.remote.http.Filter.lambda$andFinally$1(Filter.java:55)
at org.openqa.selenium.remote.http.jdk.JdkHttpClient.execute(JdkHttpClient.java:374)
at org.openqa.selenium.remote.tracing.TracedHttpClient.execute(TracedHttpClient.java:54)
at org.openqa.selenium.remote.ProtocolHandshake.createSession(ProtocolHandshake.java:89)
at org.openqa.selenium.remote.ProtocolHandshake.createSession(ProtocolHandshake.java:75)
at org.openqa.selenium.remote.ProtocolHandshake.createSession(ProtocolHandshake.java:61)
at org.openqa.selenium.remote.HttpCommandExecutor.execute(HttpCommandExecutor.java:162)
at org.openqa.selenium.remote.TracedCommandExecutor.execute(TracedCommandExecutor.java:53)
at org.openqa.selenium.remote.RemoteWebDriver.execute(RemoteWebDriver.java:545)
... 22 more
Caused by: java.util.concurrent.TimeoutException
at java.base/java.util.concurrent.CompletableFuture.timedGet(CompletableFuture.java:1960)
at java.base/java.util.concurrent.CompletableFuture.get(CompletableFuture.java:2095)
at org.openqa.selenium.remote.http.jdk.JdkHttpClient.execute0(JdkHttpClient.java:401)
... 32 more
... Removed 13 stack frames]]>
    </failure>
  </testcase> <!-- @BeforeMethod setUp -->
  <testcase classname="com.starquick.test.BaseTest" name="@BeforeMethod setUp" time="181.984">
    <failure type="org.openqa.selenium.SessionNotCreatedException" message="Could not start a new session. Possible causes are invalid address of the remote server or browser start-up failure. 
Host info: host: &amp;apos;DESKTOP-CG41JSG&amp;apos;, ip: &amp;apos;169.254.169.70&amp;apos;">
      <![CDATA[org.openqa.selenium.SessionNotCreatedException: Could not start a new session. Possible causes are invalid address of the remote server or browser start-up failure. 
Host info: host: 'DESKTOP-CG41JSG', ip: '169.254.169.70'
at org.openqa.selenium.remote.RemoteWebDriver.execute(RemoteWebDriver.java:563)
at org.openqa.selenium.remote.RemoteWebDriver.startSession(RemoteWebDriver.java:245)
at org.openqa.selenium.remote.RemoteWebDriver.<init>(RemoteWebDriver.java:174)
at org.openqa.selenium.remote.RemoteWebDriver.<init>(RemoteWebDriver.java:152)
at com.starquick.manager.DriverFactory.getDriver(DriverFactory.java:70)
at com.starquick.manager.Driver.initDriver(Driver.java:44)
at com.starquick.test.BaseTest.setUp(BaseTest.java:43)
at java.base/java.util.concurrent.ThreadPoolExecutor.runWorker(ThreadPoolExecutor.java:1136)
at java.base/java.util.concurrent.ThreadPoolExecutor$Worker.run(ThreadPoolExecutor.java:635)
at java.base/java.lang.Thread.run(Thread.java:842)
Caused by: org.openqa.selenium.TimeoutException: java.util.concurrent.TimeoutException
Build info: version: '4.24.0', revision: '748ffc9bc3'
System info: os.name: 'Windows 10', os.arch: 'amd64', os.version: '10.0', java.version: '17.0.10'
Driver info: driver.version: Driver
at org.openqa.selenium.remote.http.jdk.JdkHttpClient.execute0(JdkHttpClient.java:418)
at org.openqa.selenium.remote.http.AddSeleniumUserAgent.lambda$apply$0(AddSeleniumUserAgent.java:42)
at org.openqa.selenium.remote.http.Filter.lambda$andFinally$1(Filter.java:55)
at org.openqa.selenium.remote.http.jdk.JdkHttpClient.execute(JdkHttpClient.java:374)
at org.openqa.selenium.remote.tracing.TracedHttpClient.execute(TracedHttpClient.java:54)
at org.openqa.selenium.remote.ProtocolHandshake.createSession(ProtocolHandshake.java:89)
at org.openqa.selenium.remote.ProtocolHandshake.createSession(ProtocolHandshake.java:75)
at org.openqa.selenium.remote.ProtocolHandshake.createSession(ProtocolHandshake.java:61)
at org.openqa.selenium.remote.HttpCommandExecutor.execute(HttpCommandExecutor.java:162)
at org.openqa.selenium.remote.TracedCommandExecutor.execute(TracedCommandExecutor.java:53)
at org.openqa.selenium.remote.RemoteWebDriver.execute(RemoteWebDriver.java:545)
... 22 more
Caused by: java.util.concurrent.TimeoutException
at java.base/java.util.concurrent.CompletableFuture.timedGet(CompletableFuture.java:1960)
at java.base/java.util.concurrent.CompletableFuture.get(CompletableFuture.java:2095)
at org.openqa.selenium.remote.http.jdk.JdkHttpClient.execute0(JdkHttpClient.java:401)
... 32 more
... Removed 13 stack frames]]>
    </failure>
  </testcase> <!-- @BeforeMethod setUp -->
  <testcase classname="com.starquick.test.BaseTest" name="@BeforeMethod setUp" time="181.997">
    <failure type="org.openqa.selenium.SessionNotCreatedException" message="Could not start a new session. Possible causes are invalid address of the remote server or browser start-up failure. 
Host info: host: &amp;apos;DESKTOP-CG41JSG&amp;apos;, ip: &amp;apos;169.254.169.70&amp;apos;">
      <![CDATA[org.openqa.selenium.SessionNotCreatedException: Could not start a new session. Possible causes are invalid address of the remote server or browser start-up failure. 
Host info: host: 'DESKTOP-CG41JSG', ip: '169.254.169.70'
at org.openqa.selenium.remote.RemoteWebDriver.execute(RemoteWebDriver.java:563)
at org.openqa.selenium.remote.RemoteWebDriver.startSession(RemoteWebDriver.java:245)
at org.openqa.selenium.remote.RemoteWebDriver.<init>(RemoteWebDriver.java:174)
at org.openqa.selenium.remote.RemoteWebDriver.<init>(RemoteWebDriver.java:152)
at com.starquick.manager.DriverFactory.getDriver(DriverFactory.java:79)
at com.starquick.manager.Driver.initDriver(Driver.java:44)
at com.starquick.test.BaseTest.setUp(BaseTest.java:43)
at java.base/java.util.concurrent.ThreadPoolExecutor.runWorker(ThreadPoolExecutor.java:1136)
at java.base/java.util.concurrent.ThreadPoolExecutor$Worker.run(ThreadPoolExecutor.java:635)
at java.base/java.lang.Thread.run(Thread.java:842)
Caused by: org.openqa.selenium.TimeoutException: java.util.concurrent.TimeoutException
Build info: version: '4.24.0', revision: '748ffc9bc3'
System info: os.name: 'Windows 10', os.arch: 'amd64', os.version: '10.0', java.version: '17.0.10'
Driver info: driver.version: Driver
at org.openqa.selenium.remote.http.jdk.JdkHttpClient.execute0(JdkHttpClient.java:418)
at org.openqa.selenium.remote.http.AddSeleniumUserAgent.lambda$apply$0(AddSeleniumUserAgent.java:42)
at org.openqa.selenium.remote.http.Filter.lambda$andFinally$1(Filter.java:55)
at org.openqa.selenium.remote.http.jdk.JdkHttpClient.execute(JdkHttpClient.java:374)
at org.openqa.selenium.remote.tracing.TracedHttpClient.execute(TracedHttpClient.java:54)
at org.openqa.selenium.remote.ProtocolHandshake.createSession(ProtocolHandshake.java:89)
at org.openqa.selenium.remote.ProtocolHandshake.createSession(ProtocolHandshake.java:75)
at org.openqa.selenium.remote.ProtocolHandshake.createSession(ProtocolHandshake.java:61)
at org.openqa.selenium.remote.HttpCommandExecutor.execute(HttpCommandExecutor.java:162)
at org.openqa.selenium.remote.TracedCommandExecutor.execute(TracedCommandExecutor.java:53)
at org.openqa.selenium.remote.RemoteWebDriver.execute(RemoteWebDriver.java:545)
... 22 more
Caused by: java.util.concurrent.TimeoutException
at java.base/java.util.concurrent.CompletableFuture.timedGet(CompletableFuture.java:1960)
at java.base/java.util.concurrent.CompletableFuture.get(CompletableFuture.java:2095)
at org.openqa.selenium.remote.http.jdk.JdkHttpClient.execute0(JdkHttpClient.java:401)
... 32 more
... Removed 13 stack frames]]>
    </failure>
  </testcase> <!-- @BeforeMethod setUp -->
  <testcase classname="com.starquick.test.BaseTest" name="@BeforeMethod setUp" time="182.003">
    <failure type="org.openqa.selenium.SessionNotCreatedException" message="Could not start a new session. Possible causes are invalid address of the remote server or browser start-up failure. 
Host info: host: &amp;apos;DESKTOP-CG41JSG&amp;apos;, ip: &amp;apos;169.254.169.70&amp;apos;">
      <![CDATA[org.openqa.selenium.SessionNotCreatedException: Could not start a new session. Possible causes are invalid address of the remote server or browser start-up failure. 
Host info: host: 'DESKTOP-CG41JSG', ip: '169.254.169.70'
at org.openqa.selenium.remote.RemoteWebDriver.execute(RemoteWebDriver.java:563)
at org.openqa.selenium.remote.RemoteWebDriver.startSession(RemoteWebDriver.java:245)
at org.openqa.selenium.remote.RemoteWebDriver.<init>(RemoteWebDriver.java:174)
at org.openqa.selenium.remote.RemoteWebDriver.<init>(RemoteWebDriver.java:152)
at com.starquick.manager.DriverFactory.getDriver(DriverFactory.java:79)
at com.starquick.manager.Driver.initDriver(Driver.java:44)
at com.starquick.test.BaseTest.setUp(BaseTest.java:43)
at java.base/java.util.concurrent.ThreadPoolExecutor.runWorker(ThreadPoolExecutor.java:1136)
at java.base/java.util.concurrent.ThreadPoolExecutor$Worker.run(ThreadPoolExecutor.java:635)
at java.base/java.lang.Thread.run(Thread.java:842)
Caused by: org.openqa.selenium.TimeoutException: java.util.concurrent.TimeoutException
Build info: version: '4.24.0', revision: '748ffc9bc3'
System info: os.name: 'Windows 10', os.arch: 'amd64', os.version: '10.0', java.version: '17.0.10'
Driver info: driver.version: Driver
at org.openqa.selenium.remote.http.jdk.JdkHttpClient.execute0(JdkHttpClient.java:418)
at org.openqa.selenium.remote.http.AddSeleniumUserAgent.lambda$apply$0(AddSeleniumUserAgent.java:42)
at org.openqa.selenium.remote.http.Filter.lambda$andFinally$1(Filter.java:55)
at org.openqa.selenium.remote.http.jdk.JdkHttpClient.execute(JdkHttpClient.java:374)
at org.openqa.selenium.remote.tracing.TracedHttpClient.execute(TracedHttpClient.java:54)
at org.openqa.selenium.remote.ProtocolHandshake.createSession(ProtocolHandshake.java:89)
at org.openqa.selenium.remote.ProtocolHandshake.createSession(ProtocolHandshake.java:75)
at org.openqa.selenium.remote.ProtocolHandshake.createSession(ProtocolHandshake.java:61)
at org.openqa.selenium.remote.HttpCommandExecutor.execute(HttpCommandExecutor.java:162)
at org.openqa.selenium.remote.TracedCommandExecutor.execute(TracedCommandExecutor.java:53)
at org.openqa.selenium.remote.RemoteWebDriver.execute(RemoteWebDriver.java:545)
... 22 more
Caused by: java.util.concurrent.TimeoutException
at java.base/java.util.concurrent.CompletableFuture.timedGet(CompletableFuture.java:1960)
at java.base/java.util.concurrent.CompletableFuture.get(CompletableFuture.java:2095)
at org.openqa.selenium.remote.http.jdk.JdkHttpClient.execute0(JdkHttpClient.java:401)
... 32 more
... Removed 13 stack frames]]>
    </failure>
  </testcase> <!-- @BeforeMethod setUp -->
  <testcase classname="com.starquick.test.BaseTest" name="@BeforeMethod setUp" time="0.0">
    <skipped/>
  </testcase> <!-- @BeforeMethod setUp -->
  <testcase classname="com.starquick.test.BaseTest" name="@BeforeMethod setUp" time="0.0">
    <skipped/>
  </testcase> <!-- @BeforeMethod setUp -->
  <testcase classname="com.starquick.test.BaseTest" name="@BeforeMethod setUp" time="0.0">
    <skipped/>
  </testcase> <!-- @BeforeMethod setUp -->
  <testcase classname="com.starquick.test.BaseTest" name="@BeforeMethod setUp" time="0.0">
    <skipped/>
  </testcase> <!-- @BeforeMethod setUp -->
  <testcase classname="com.starquick.test.BaseTest" name="@BeforeMethod setUp" time="0.0">
    <skipped/>
  </testcase> <!-- @BeforeMethod setUp -->
  <testcase classname="com.starquick.test.BaseTest" name="@BeforeMethod setUp" time="0.0">
    <skipped/>
  </testcase> <!-- @BeforeMethod setUp -->
  <testcase classname="com.starquick.test.BaseTest" name="@BeforeMethod setUp" time="0.0">
    <skipped/>
  </testcase> <!-- @BeforeMethod setUp -->
  <testcase classname="com.starquick.test.BaseTest" name="@BeforeMethod setUp" time="0.0">
    <skipped/>
  </testcase> <!-- @BeforeMethod setUp -->
  <testcase classname="com.starquick.test.BaseTest" name="@BeforeMethod setUp" time="0.0">
    <skipped/>
  </testcase> <!-- @BeforeMethod setUp -->
  <testcase classname="com.starquick.test.BaseTest" name="@BeforeMethod setUp" time="0.0">
    <skipped/>
  </testcase> <!-- @BeforeMethod setUp -->
  <testcase classname="com.starquick.test.starquickaddcartjourney" name="Onionsearchproduct" time="0.0">
    <skipped/>
  </testcase> <!-- Onionsearchproduct -->
  <testcase classname="com.starquick.test.starquickaddcartjourney" name="Rusksearchproduct" time="0.0">
    <skipped/>
  </testcase> <!-- Rusksearchproduct -->
  <testcase classname="com.starquick.test.starquickaddcartjourney" name="detergentsearchproduct" time="0.0">
    <skipped/>
  </testcase> <!-- detergentsearchproduct -->
  <testcase classname="com.starquick.test.starquickaddcartjourney" name="Onionsearchproduct" time="0.0">
    <skipped/>
  </testcase> <!-- Onionsearchproduct -->
  <testcase classname="com.starquick.test.starquickaddcartjourney" name="detergentsearchproduct" time="0.0">
    <skipped/>
  </testcase> <!-- detergentsearchproduct -->
  <testcase classname="com.starquick.test.starquickaddcartjourney" name="Milksearchproduct" time="0.0">
    <skipped/>
  </testcase> <!-- Milksearchproduct -->
  <testcase classname="com.starquick.test.starquickaddcartjourney" name="Onionsearchproduct" time="0.0">
    <skipped/>
  </testcase> <!-- Onionsearchproduct -->
  <testcase classname="com.starquick.test.starquickaddcartjourney" name="Rusksearchproduct" time="0.0">
    <skipped/>
  </testcase> <!-- Rusksearchproduct -->
  <testcase classname="com.starquick.test.starquickaddcartjourney" name="detergentsearchproduct" time="0.0">
    <skipped/>
  </testcase> <!-- detergentsearchproduct -->
  <testcase classname="com.starquick.test.starquickaddcartjourney" name="Onionsearchproduct" time="0.0">
    <skipped/>
  </testcase> <!-- Onionsearchproduct -->
  <testcase classname="com.starquick.test.starquickaddcartjourney" name="detergentsearchproduct" time="0.001">
    <skipped/>
  </testcase> <!-- detergentsearchproduct -->
  <testcase classname="com.starquick.test.starquickaddcartjourney" name="Milksearchproduct" time="0.0">
    <skipped/>
  </testcase> <!-- Milksearchproduct -->
  <testcase classname="com.starquick.test.starquickaddcartjourney" name="Rusksearchproduct" time="0.0">
    <skipped/>
  </testcase> <!-- Rusksearchproduct -->
  <testcase classname="com.starquick.test.starquickaddcartjourney" name="detergentsearchproduct" time="0.0">
    <skipped/>
  </testcase> <!-- detergentsearchproduct -->
  <testcase classname="com.starquick.test.starquickaddcartjourney" name="searchcookoil" time="0.0">
    <skipped/>
  </testcase> <!-- searchcookoil -->
  <testcase classname="com.starquick.test.starquickaddcartjourney" name="searchcookoil" time="0.0">
    <skipped/>
  </testcase> <!-- searchcookoil -->
  <testcase classname="com.starquick.test.starquickaddcartjourney" name="searchcookoil" time="0.0">
    <skipped/>
  </testcase> <!-- searchcookoil -->
  <testcase classname="com.starquick.test.starquickaddcartjourney" name="searchcookoil" time="0.0">
    <skipped/>
  </testcase> <!-- searchcookoil -->
  <testcase classname="com.starquick.test.starquickaddcartjourney" name="searchcookoil" time="0.0">
    <skipped/>
  </testcase> <!-- searchcookoil -->
  <testcase classname="com.starquick.test.starquickaddcartjourney" name="softdrink" time="0.0">
    <skipped/>
  </testcase> <!-- softdrink -->
  <testcase classname="com.starquick.test.starquickaddcartjourney" name="softdrink" time="0.0">
    <skipped/>
  </testcase> <!-- softdrink -->
  <testcase classname="com.starquick.test.starquickaddcartjourney" name="softdrink" time="0.0">
    <skipped/>
  </testcase> <!-- softdrink -->
  <testcase classname="com.starquick.test.starquickaddcartjourney" name="softdrink" time="0.0">
    <skipped/>
  </testcase> <!-- softdrink -->
  <testcase classname="com.starquick.test.starquickaddcartjourney" name="softdrink" time="0.0">
    <skipped/>
  </testcase> <!-- softdrink -->
  <testcase classname="com.starquick.test.starquickaddcartjourney" name="Milksearchproduct" time="0.0">
    <skipped/>
  </testcase> <!-- Milksearchproduct -->
  <testcase classname="com.starquick.test.starquickaddcartjourney" name="Onionsearchproduct" time="0.0">
    <skipped/>
  </testcase> <!-- Onionsearchproduct -->
  <testcase classname="com.starquick.test.starquickaddcartjourney" name="Rusksearchproduct" time="177.19"/>
</testsuite> <!-- StarQuick Add to Cart Journey Test -->
