<?xml version="1.0" encoding="UTF-8"?>
<testsuite xmlns:xsi="http://www.w3.org/2001/XMLSchema-instance" xsi:noNamespaceSchemaLocation="https://maven.apache.org/surefire/maven-surefire-plugin/xsd/surefire-test-report-3.0.xsd" version="3.0" name="TestSuite" time="1214.974" tests="18" errors="0" skipped="3" failures="2">
  <properties>
[...]
</properties>
  <testcase name="Milksearchproduct[{product=Milk, testname=Milksearchproduct, SecondProduct=Amul Masti Dahi Pouch, execute=Yes, browser=Chrome}](1)" classname="com.starquick.test.starquickaddcartjourney" time="0.0">
    <skipped message="Expected condition failed: waiting for element to be clickable: By.xpath: //a[normalize-space()=&apos;Amul Masti Dahi Pouch&apos;] (tried for 10 second(s) with 500 milliseconds interval)&#10;Build info: version: &apos;4.21.0&apos;, revision: &apos;79ed462ef4&apos;&#10;System info: os.name: &apos;Windows 10&apos;, os.arch: &apos;amd64&apos;, os.version: &apos;10.0&apos;, java.version: &apos;17.0.10&apos;&#10;Driver info: org.openqa.selenium.chrome.ChromeDriver&#10;Capabilities {acceptInsecureCerts: false, browserName: chrome, browserVersion: 126.0.6478.182, chrome: {chromedriverVersion: 126.0.6478.182 (5b5d8292ddf..., userDataDir: C:\Users\admin\AppData\Loca...}, fedcm:accounts: true, goog:chromeOptions: {debuggerAddress: localhost:61327}, networkConnectionEnabled: false, pageLoadStrategy: normal, platformName: windows, proxy: Proxy(), se:cdp: ws://localhost:61327/devtoo..., se:cdpVersion: 126.0.6478.182, setWindowRect: true, strictFileInteractability: false, timeouts: {implicit: 0, pageLoad: 300000, script: 30000}, unhandledPromptBehavior: dismiss and notify, webauthn:extension:credBlob: true, webauthn:extension:largeBlob: true, webauthn:extension:minPinLength: true, webauthn:extension:prf: true, webauthn:virtualAuthenticators: true}&#10;Session ID: 41a5cd119936af67d33b0b737467c796"/>
    <system-err><![CDATA[SLF4J: Failed to load class "org.slf4j.impl.StaticLoggerBinder".
SLF4J: Defaulting to no-operation (NOP) logger implementation
SLF4J: See http://www.slf4j.org/codes.html#StaticLoggerBinder for further details.
ERROR StatusLogger Log4j2 could not find a logging implementation. Please add log4j-core to the classpath. Using SimpleLogger to log to the console...
Jul 20, 2024 1:10:32 AM org.openqa.selenium.devtools.CdpVersionFinder findNearestMatch
WARNING: Unable to find an exact match for CDP version 126, returning the closest version; found: 125; Please update to a Selenium version that supports CDP version 126
]]></system-err>
  </testcase>
  <testcase name="Milksearchproduct[{product=Milk, testname=Milksearchproduct, SecondProduct=Amul Masti Dahi Pouch, execute=Yes, browser=Chrome}](2)" classname="com.starquick.test.starquickaddcartjourney" time="68.061">
    <system-err><![CDATA[Jul 20, 2024 1:11:53 AM org.openqa.selenium.devtools.CdpVersionFinder findNearestMatch
WARNING: Unable to find an exact match for CDP version 126, returning the closest version; found: 125; Please update to a Selenium version that supports CDP version 126
]]></system-err>
  </testcase>
  <testcase name="Milksearchproduct[{product=Milk, testname=Milksearchproduct, SecondProduct=Amul Masti Dahi Pouch, execute=Yes, browser=Edge}](3)" classname="com.starquick.test.starquickaddcartjourney" time="69.735">
    <system-err><![CDATA[Jul 20, 2024 1:13:07 AM org.openqa.selenium.devtools.CdpVersionFinder findNearestMatch
WARNING: Unable to find an exact match for CDP version 126, returning the closest version; found: 125; Please update to a Selenium version that supports CDP version 126
]]></system-err>
  </testcase>
  <testcase name="Milksearchproduct[{product=Milk, testname=Milksearchproduct, SecondProduct=Amul Masti Dahi Pouch, execute=Yes, browser=Firefox}](4)" classname="com.starquick.test.starquickaddcartjourney" time="0.0">
    <skipped message="Expected condition failed: waiting for visibility of element located by By.xpath: //a[@class=&apos;product-category-container-label-item&apos;][normalize-space()=&apos;Curd &amp; Yougurt&apos;] (tried for 10 second(s) with 500 milliseconds interval)&#10;Build info: version: &apos;4.21.0&apos;, revision: &apos;79ed462ef4&apos;&#10;System info: os.name: &apos;Windows 10&apos;, os.arch: &apos;amd64&apos;, os.version: &apos;10.0&apos;, java.version: &apos;17.0.10&apos;&#10;Driver info: org.openqa.selenium.firefox.FirefoxDriver&#10;Capabilities {acceptInsecureCerts: true, browserName: firefox, browserVersion: 127.0.1, moz:accessibilityChecks: false, moz:buildID: 20240618110440, moz:debuggerAddress: 127.0.0.1:40847, moz:geckodriverVersion: 0.34.0, moz:headless: false, moz:platformVersion: 10.0, moz:processID: 3208, moz:profile: C:\Users\admin\AppData\Loca..., moz:shutdownTimeout: 60000, moz:webdriverClick: true, moz:windowless: false, pageLoadStrategy: normal, platformName: windows, proxy: Proxy(), se:cdp: ws://127.0.0.1:40847/devtoo..., se:cdpVersion: 85.0, setWindowRect: true, strictFileInteractability: false, timeouts: {implicit: 0, pageLoad: 300000, script: 30000}, unhandledPromptBehavior: dismiss and notify, userAgent: Mozilla/5.0 (Windows NT 10....}&#10;Session ID: a94342d8-a1db-4679-aa47-47a28a3e2e1f"/>
  </testcase>
  <testcase name="Milksearchproduct[{product=Milk, testname=Milksearchproduct, SecondProduct=Amul Masti Dahi Pouch, execute=Yes, browser=Firefox}](5)" classname="com.starquick.test.starquickaddcartjourney" time="73.64">
    <failure message="Expected condition failed: waiting for element to be clickable: By.xpath: //a[normalize-space()=&apos;Amul Masti Dahi Pouch&apos;] (tried for 10 second(s) with 500 milliseconds interval)&#10;Build info: version: &apos;4.21.0&apos;, revision: &apos;79ed462ef4&apos;&#10;System info: os.name: &apos;Windows 10&apos;, os.arch: &apos;amd64&apos;, os.version: &apos;10.0&apos;, java.version: &apos;17.0.10&apos;&#10;Driver info: org.openqa.selenium.firefox.FirefoxDriver&#10;Capabilities {acceptInsecureCerts: true, browserName: firefox, browserVersion: 127.0.1, moz:accessibilityChecks: false, moz:buildID: 20240618110440, moz:debuggerAddress: 127.0.0.1:2374, moz:geckodriverVersion: 0.34.0, moz:headless: false, moz:platformVersion: 10.0, moz:processID: 14108, moz:profile: C:\Users\admin\AppData\Loca..., moz:shutdownTimeout: 60000, moz:webdriverClick: true, moz:windowless: false, pageLoadStrategy: normal, platformName: windows, proxy: Proxy(), se:cdp: ws://127.0.0.1:2374/devtool..., se:cdpVersion: 85.0, setWindowRect: true, strictFileInteractability: false, timeouts: {implicit: 0, pageLoad: 300000, script: 30000}, unhandledPromptBehavior: dismiss and notify, userAgent: Mozilla/5.0 (Windows NT 10....}&#10;Session ID: 8bea38ba-bf5b-4f00-95e4-b32ae9034596" type="org.openqa.selenium.TimeoutException"><![CDATA[org.openqa.selenium.TimeoutException: 
Expected condition failed: waiting for element to be clickable: By.xpath: //a[normalize-space()='Amul Masti Dahi Pouch'] (tried for 10 second(s) with 500 milliseconds interval)
Build info: version: '4.21.0', revision: '79ed462ef4'
System info: os.name: 'Windows 10', os.arch: 'amd64', os.version: '10.0', java.version: '17.0.10'
Driver info: org.openqa.selenium.firefox.FirefoxDriver
Capabilities {acceptInsecureCerts: true, browserName: firefox, browserVersion: 127.0.1, moz:accessibilityChecks: false, moz:buildID: 20240618110440, moz:debuggerAddress: 127.0.0.1:2374, moz:geckodriverVersion: 0.34.0, moz:headless: false, moz:platformVersion: 10.0, moz:processID: 14108, moz:profile: C:\Users\admin\AppData\Loca..., moz:shutdownTimeout: 60000, moz:webdriverClick: true, moz:windowless: false, pageLoadStrategy: normal, platformName: windows, proxy: Proxy(), se:cdp: ws://127.0.0.1:2374/devtool..., se:cdpVersion: 85.0, setWindowRect: true, strictFileInteractability: false, timeouts: {implicit: 0, pageLoad: 300000, script: 30000}, unhandledPromptBehavior: dismiss and notify, userAgent: Mozilla/5.0 (Windows NT 10....}
Session ID: 8bea38ba-bf5b-4f00-95e4-b32ae9034596
	at org.openqa.selenium.support.ui.WebDriverWait.timeoutException(WebDriverWait.java:84)
	at org.openqa.selenium.support.ui.FluentWait.until(FluentWait.java:228)
	at com.starquick.factories.ExplicitWaitFactory.performexplicitwait(ExplicitWaitFactory.java:35)
	at com.starquick.pages.TATAOpenLandingPage1.product_search_Amul_Masti_Dahi_Pouch(TATAOpenLandingPage1.java:57)
	at com.starquick.test.starquickaddcartjourney.Milksearchproduct(starquickaddcartjourney.java:43)
	at java.base/jdk.internal.reflect.NativeMethodAccessorImpl.invoke0(Native Method)
	at java.base/jdk.internal.reflect.NativeMethodAccessorImpl.invoke(NativeMethodAccessorImpl.java:77)
	at java.base/jdk.internal.reflect.DelegatingMethodAccessorImpl.invoke(DelegatingMethodAccessorImpl.java:43)
	at java.base/java.lang.reflect.Method.invoke(Method.java:568)
	at org.testng.internal.invokers.MethodInvocationHelper.invokeMethod(MethodInvocationHelper.java:141)
	at org.testng.internal.invokers.TestInvoker.invokeMethod(TestInvoker.java:686)
	at org.testng.internal.invokers.TestInvoker.retryFailed(TestInvoker.java:269)
	at org.testng.internal.invokers.TestMethodWithDataProviderMethodWorker.call(TestMethodWithDataProviderMethodWorker.java:105)
	at org.testng.internal.thread.Async$AsyncTask.run(Async.java:34)
	at java.base/java.util.concurrent.ThreadPoolExecutor.runWorker(ThreadPoolExecutor.java:1136)
	at java.base/java.util.concurrent.ThreadPoolExecutor$Worker.run(ThreadPoolExecutor.java:635)
	at java.base/java.lang.Thread.run(Thread.java:840)
]]></failure>
    <system-out><![CDATA[Inside Screenshot File 
]]></system-out>
  </testcase>
  <testcase name="Onionsearchproduct[{product=Onion, testname=Onionsearchproduct, SecondProduct=, execute=Yes, browser=Chrome}](1)" classname="com.starquick.test.starquickaddcartjourney" time="37.381">
    <system-err><![CDATA[Jul 20, 2024 1:17:28 AM org.openqa.selenium.devtools.CdpVersionFinder findNearestMatch
WARNING: Unable to find an exact match for CDP version 126, returning the closest version; found: 125; Please update to a Selenium version that supports CDP version 126
]]></system-err>
  </testcase>
  <testcase name="Onionsearchproduct[{product=Onion, testname=Onionsearchproduct, SecondProduct=, execute=Yes, browser=Edge}](2)" classname="com.starquick.test.starquickaddcartjourney" time="35.81">
    <system-err><![CDATA[Jul 20, 2024 1:18:11 AM org.openqa.selenium.devtools.CdpVersionFinder findNearestMatch
WARNING: Unable to find an exact match for CDP version 126, returning the closest version; found: 125; Please update to a Selenium version that supports CDP version 126
]]></system-err>
  </testcase>
  <testcase name="Onionsearchproduct[{product=Onion, testname=Onionsearchproduct, SecondProduct=, execute=Yes, browser=Firefox}](3)" classname="com.starquick.test.starquickaddcartjourney" time="34.858"/>
  <testcase name="Rusksearchproduct[{product=Rusk, testname=Rusksearchproduct, SecondProduct=Britania Rusk, execute=Yes, browser=Chrome}](1)" classname="com.starquick.test.starquickaddcartjourney" time="97.018">
    <system-err><![CDATA[Jul 20, 2024 1:19:38 AM org.openqa.selenium.devtools.CdpVersionFinder findNearestMatch
WARNING: Unable to find an exact match for CDP version 126, returning the closest version; found: 125; Please update to a Selenium version that supports CDP version 126
]]></system-err>
  </testcase>
  <testcase name="Rusksearchproduct[{product=Rusk, testname=Rusksearchproduct, SecondProduct=Britania Rusk, execute=Yes, browser=Edge}](2)" classname="com.starquick.test.starquickaddcartjourney" time="0.0">
    <skipped message="Expected condition failed: waiting for visibility of element located by By.xpath: //button[@aria-label=&quot;Continue Browsing&quot;] (tried for 10 second(s) with 500 milliseconds interval)&#10;Build info: version: &apos;4.21.0&apos;, revision: &apos;79ed462ef4&apos;&#10;System info: os.name: &apos;Windows 10&apos;, os.arch: &apos;amd64&apos;, os.version: &apos;10.0&apos;, java.version: &apos;17.0.10&apos;&#10;Driver info: org.openqa.selenium.edge.EdgeDriver&#10;Capabilities {acceptInsecureCerts: false, browserName: MicrosoftEdge, browserVersion: 126.0.2592.102, fedcm:accounts: true, ms:edgeOptions: {debuggerAddress: localhost:63165}, msedge: {msedgedriverVersion: 126.0.2592.113 (088a59f7406..., userDataDir: C:\Users\admin\AppData\Loca...}, networkConnectionEnabled: false, pageLoadStrategy: normal, platformName: windows, proxy: Proxy(), se:cdp: ws://localhost:63165/devtoo..., se:cdpVersion: 126.0.2592.102, setWindowRect: true, strictFileInteractability: false, timeouts: {implicit: 0, pageLoad: 300000, script: 30000}, unhandledPromptBehavior: dismiss and notify, webauthn:extension:credBlob: true, webauthn:extension:largeBlob: true, webauthn:extension:minPinLength: true, webauthn:extension:prf: true, webauthn:virtualAuthenticators: true}&#10;Session ID: ccbe05c0fbeb9710de201068ada5a86a"/>
    <system-err><![CDATA[Jul 20, 2024 1:21:20 AM org.openqa.selenium.devtools.CdpVersionFinder findNearestMatch
WARNING: Unable to find an exact match for CDP version 126, returning the closest version; found: 125; Please update to a Selenium version that supports CDP version 126
]]></system-err>
  </testcase>
  <testcase name="Rusksearchproduct[{product=Rusk, testname=Rusksearchproduct, SecondProduct=Britania Rusk, execute=Yes, browser=Edge}](3)" classname="com.starquick.test.starquickaddcartjourney" time="68.799">
    <failure message="Expected condition failed: waiting for visibility of element located by By.xpath: //span[@id=&apos;addCartProducts&apos;] (tried for 10 second(s) with 500 milliseconds interval)&#10;Build info: version: &apos;4.21.0&apos;, revision: &apos;79ed462ef4&apos;&#10;System info: os.name: &apos;Windows 10&apos;, os.arch: &apos;amd64&apos;, os.version: &apos;10.0&apos;, java.version: &apos;17.0.10&apos;&#10;Driver info: org.openqa.selenium.edge.EdgeDriver&#10;Capabilities {acceptInsecureCerts: false, browserName: MicrosoftEdge, browserVersion: 126.0.2592.102, fedcm:accounts: true, ms:edgeOptions: {debuggerAddress: localhost:63480}, msedge: {msedgedriverVersion: 126.0.2592.113 (088a59f7406..., userDataDir: C:\Users\admin\AppData\Loca...}, networkConnectionEnabled: false, pageLoadStrategy: normal, platformName: windows, proxy: Proxy(), se:cdp: ws://localhost:63480/devtoo..., se:cdpVersion: 126.0.2592.102, setWindowRect: true, strictFileInteractability: false, timeouts: {implicit: 0, pageLoad: 300000, script: 30000}, unhandledPromptBehavior: dismiss and notify, webauthn:extension:credBlob: true, webauthn:extension:largeBlob: true, webauthn:extension:minPinLength: true, webauthn:extension:prf: true, webauthn:virtualAuthenticators: true}&#10;Session ID: 68d468b45193702a695de186a13cc889" type="org.openqa.selenium.TimeoutException"><![CDATA[org.openqa.selenium.TimeoutException: 
Expected condition failed: waiting for visibility of element located by By.xpath: //span[@id='addCartProducts'] (tried for 10 second(s) with 500 milliseconds interval)
Build info: version: '4.21.0', revision: '79ed462ef4'
System info: os.name: 'Windows 10', os.arch: 'amd64', os.version: '10.0', java.version: '17.0.10'
Driver info: org.openqa.selenium.edge.EdgeDriver
Capabilities {acceptInsecureCerts: false, browserName: MicrosoftEdge, browserVersion: 126.0.2592.102, fedcm:accounts: true, ms:edgeOptions: {debuggerAddress: localhost:63480}, msedge: {msedgedriverVersion: 126.0.2592.113 (088a59f7406..., userDataDir: C:\Users\admin\AppData\Loca...}, networkConnectionEnabled: false, pageLoadStrategy: normal, platformName: windows, proxy: Proxy(), se:cdp: ws://localhost:63480/devtoo..., se:cdpVersion: 126.0.2592.102, setWindowRect: true, strictFileInteractability: false, timeouts: {implicit: 0, pageLoad: 300000, script: 30000}, unhandledPromptBehavior: dismiss and notify, webauthn:extension:credBlob: true, webauthn:extension:largeBlob: true, webauthn:extension:minPinLength: true, webauthn:extension:prf: true, webauthn:virtualAuthenticators: true}
Session ID: 68d468b45193702a695de186a13cc889
	at org.openqa.selenium.support.ui.WebDriverWait.timeoutException(WebDriverWait.java:84)
	at org.openqa.selenium.support.ui.FluentWait.until(FluentWait.java:228)
	at com.starquick.factories.ExplicitWaitFactory.performexplicitwait(ExplicitWaitFactory.java:45)
	at com.starquick.pages.TATAOpenLandingPage1.Rusk(TATAOpenLandingPage1.java:79)
	at com.starquick.test.starquickaddcartjourney.Rusksearchproduct(starquickaddcartjourney.java:63)
	at java.base/jdk.internal.reflect.NativeMethodAccessorImpl.invoke0(Native Method)
	at java.base/jdk.internal.reflect.NativeMethodAccessorImpl.invoke(NativeMethodAccessorImpl.java:77)
	at java.base/jdk.internal.reflect.DelegatingMethodAccessorImpl.invoke(DelegatingMethodAccessorImpl.java:43)
	at java.base/java.lang.reflect.Method.invoke(Method.java:568)
	at org.testng.internal.invokers.MethodInvocationHelper.invokeMethod(MethodInvocationHelper.java:141)
	at org.testng.internal.invokers.TestInvoker.invokeMethod(TestInvoker.java:686)
	at org.testng.internal.invokers.TestInvoker.retryFailed(TestInvoker.java:269)
	at org.testng.internal.invokers.TestMethodWithDataProviderMethodWorker.call(TestMethodWithDataProviderMethodWorker.java:105)
	at org.testng.internal.thread.Async$AsyncTask.run(Async.java:34)
	at java.base/java.util.concurrent.ThreadPoolExecutor.runWorker(ThreadPoolExecutor.java:1136)
	at java.base/java.util.concurrent.ThreadPoolExecutor$Worker.run(ThreadPoolExecutor.java:635)
	at java.base/java.lang.Thread.run(Thread.java:840)
]]></failure>
    <system-out><![CDATA[Inside Screenshot File 
]]></system-out>
    <system-err><![CDATA[Jul 20, 2024 1:23:26 AM org.openqa.selenium.devtools.CdpVersionFinder findNearestMatch
WARNING: Unable to find an exact match for CDP version 126, returning the closest version; found: 125; Please update to a Selenium version that supports CDP version 126
]]></system-err>
  </testcase>
  <testcase name="Rusksearchproduct[{product=Rusk, testname=Rusksearchproduct, SecondProduct=Britania Rusk, execute=Yes, browser=Firefox}](4)" classname="com.starquick.test.starquickaddcartjourney" time="89.618"/>
  <testcase name="detergentsearchproduct[{product=surf excel, testname=detergentsearchproduct, SecondProduct=, execute=Yes, browser=Chrome}](1)" classname="com.starquick.test.starquickaddcartjourney" time="34.786">
    <system-err><![CDATA[Jul 20, 2024 1:26:22 AM org.openqa.selenium.devtools.CdpVersionFinder findNearestMatch
WARNING: Unable to find an exact match for CDP version 126, returning the closest version; found: 125; Please update to a Selenium version that supports CDP version 126
]]></system-err>
  </testcase>
  <testcase name="detergentsearchproduct[{product=surf excel, testname=detergentsearchproduct, SecondProduct=, execute=Yes, browser=Edge}](2)" classname="com.starquick.test.starquickaddcartjourney" time="34.721">
    <system-err><![CDATA[Jul 20, 2024 1:27:03 AM org.openqa.selenium.devtools.CdpVersionFinder findNearestMatch
WARNING: Unable to find an exact match for CDP version 126, returning the closest version; found: 125; Please update to a Selenium version that supports CDP version 126
]]></system-err>
  </testcase>
  <testcase name="detergentsearchproduct[{product=surf excel, testname=detergentsearchproduct, SecondProduct=, execute=Yes, browser=Firefox}](3)" classname="com.starquick.test.starquickaddcartjourney" time="33.854"/>
  <testcase name="searchcookoil[{product=Fortune oil, testname=searchcookoil, SecondProduct=, execute=Yes, browser=Chrome}](1)" classname="com.starquick.test.starquickaddcartjourney" time="34.924">
    <system-err><![CDATA[Jul 20, 2024 1:28:28 AM org.openqa.selenium.devtools.CdpVersionFinder findNearestMatch
WARNING: Unable to find an exact match for CDP version 126, returning the closest version; found: 125; Please update to a Selenium version that supports CDP version 126
]]></system-err>
  </testcase>
  <testcase name="searchcookoil[{product=Fortune oil, testname=searchcookoil, SecondProduct=, execute=Yes, browser=Edge}](2)" classname="com.starquick.test.starquickaddcartjourney" time="35.089">
    <system-err><![CDATA[Jul 20, 2024 1:29:08 AM org.openqa.selenium.devtools.CdpVersionFinder findNearestMatch
WARNING: Unable to find an exact match for CDP version 126, returning the closest version; found: 125; Please update to a Selenium version that supports CDP version 126
]]></system-err>
  </testcase>
  <testcase name="searchcookoil[{product=Fortune oil, testname=searchcookoil, SecondProduct=, execute=Yes, browser=Firefox}](3)" classname="com.starquick.test.starquickaddcartjourney" time="34.277"/>
</testsuite>