<?xml version="1.0" encoding="UTF-8"?>
<testng-results ignored="0" total="2" passed="2" failed="0" skipped="0">
  <reporter-output>
  </reporter-output>
  <suite started-at="2024-06-28T14:19:58 IST" name="Suite" finished-at="2024-06-28T14:20:58 IST" duration-ms="59472">
    <groups>
    </groups>
    <test started-at="2024-06-28T14:19:58 IST" name="Test" finished-at="2024-06-28T14:20:58 IST" duration-ms="59472">
      <class name="com.starquick.test.starquickAddproduct">
        <test-method is-config="true" signature="setUp([Ljava.lang.Object;)[pri:0, instance:com.starquick.test.starquickAddproduct@6892b3b6]" started-at="2024-06-28T14:20:02 IST" name="setUp" finished-at="2024-06-28T14:20:18 IST" duration-ms="16805" status="PASS">
          <params>
            <param index="0">
              <value>
                <![CDATA[[Ljava.lang.Object;@6642dc5a]]>
              </value>
            </param>
          </params>
          <reporter-output>
          </reporter-output>
        </test-method> <!-- setUp -->
        <test-method signature="Searchproduct(java.util.HashMap)[pri:0, instance:com.starquick.test.starquickAddproduct@6892b3b6]" started-at="2024-06-28T14:20:18 IST" name="Searchproduct" data-provider="getData" finished-at="2024-06-28T14:20:19 IST" duration-ms="808" status="PASS">
          <params>
            <param index="0">
              <value>
                <![CDATA[{fname=amuthan, password=YWRtaW4xMjM=, browser=Edge, testname=Searchproduct, execute=yes, username=Admin}]]>
              </value>
            </param>
          </params>
          <reporter-output>
          </reporter-output>
        </test-method> <!-- Searchproduct -->
        <test-method is-config="true" signature="tearDown()[pri:0, instance:com.starquick.test.starquickAddproduct@6892b3b6]" started-at="2024-06-28T14:20:20 IST" name="tearDown" finished-at="2024-06-28T14:20:22 IST" duration-ms="2188" status="PASS">
          <reporter-output>
          </reporter-output>
        </test-method> <!-- tearDown -->
        <test-method is-config="true" signature="setUp([Ljava.lang.Object;)[pri:0, instance:com.starquick.test.starquickAddproduct@6892b3b6]" started-at="2024-06-28T14:20:22 IST" name="setUp" finished-at="2024-06-28T14:20:56 IST" duration-ms="34596" status="PASS">
          <params>
            <param index="0">
              <value>
                <![CDATA[[Ljava.lang.Object;@43da41e]]>
              </value>
            </param>
          </params>
          <reporter-output>
          </reporter-output>
        </test-method> <!-- setUp -->
        <test-method signature="Searchproduct(java.util.HashMap)[pri:0, instance:com.starquick.test.starquickAddproduct@6892b3b6]" started-at="2024-06-28T14:20:56 IST" name="Searchproduct" data-provider="getData" finished-at="2024-06-28T14:20:57 IST" duration-ms="688" status="PASS">
          <params>
            <param index="0">
              <value>
                <![CDATA[{fname=amuthan, password=YWRtaW4xMjM=, browser=Chrome, testname=Searchproduct, execute=yes, username=Admin}]]>
              </value>
            </param>
          </params>
          <reporter-output>
          </reporter-output>
        </test-method> <!-- Searchproduct -->
        <test-method is-config="true" signature="tearDown()[pri:0, instance:com.starquick.test.starquickAddproduct@6892b3b6]" started-at="2024-06-28T14:20:57 IST" name="tearDown" finished-at="2024-06-28T14:20:58 IST" duration-ms="521" status="PASS">
          <reporter-output>
          </reporter-output>
        </test-method> <!-- tearDown -->
      </class> <!-- com.starquick.test.starquickAddproduct -->
    </test> <!-- Test -->
  </suite> <!-- Suite -->
</testng-results>
